0 info it worked if it ends with ok
1 verbose cli [ 'node', '/usr/local/bin/npm', 'run', 'test-remote' ]
2 info using npm@1.3.14
3 info using node@v0.10.22
4 verbose run-script [ 'pretest-remote', 'test-remote', 'posttest-remote' ]
5 info pretest-remote test-on-device@1.0.0
6 info test-remote test-on-device@1.0.0
7 verbose unsafe-perm in lifecycle true
8 info test-on-device@1.0.0 Failed to exec test-remote script
9 error test-on-device@1.0.0 test-remote: `npm c`
9 error Exit status 1
10 error Failed at the test-on-device@1.0.0 test-remote script.
10 error This is most likely a problem with the test-on-device package,
10 error not with npm itself.
10 error Tell the author that this fails on your system:
10 error     npm c
10 error You can get their info via:
10 error     npm owner ls test-on-device
10 error There is likely additional logging output above.
11 error System Darwin 14.0.0
12 error command "node" "/usr/local/bin/npm" "run" "test-remote"
13 error cwd /Users/sokratis/Desk/browserify-tape-phonegap
14 error node -v v0.10.22
15 error npm -v 1.3.14
16 error code ELIFECYCLE
17 verbose exit [ 1, true ]
